<?xml version="1.0" encoding="UTF-8"?>
<testsuite xmlns:xsi="http://www.w3.org/2001/XMLSchema-instance" xsi:noNamespaceSchemaLocation="https://maven.apache.org/surefire/maven-surefire-plugin/xsd/surefire-test-report.xsd" name="com.yzj.risingpath_zsb_backend.RisingpathZsbBackendApplicationTests" time="4.984" tests="1" errors="0" skipped="0" failures="0">
  <properties>
    <property name="sun.desktop" value="windows"/>
    <property name="awt.toolkit" value="sun.awt.windows.WToolkit"/>
    <property name="java.specification.version" value="11"/>
    <property name="sun.cpu.isalist" value="amd64"/>
    <property name="sun.jnu.encoding" value="GBK"/>
    <property name="java.class.path" value="D:\xingqiu\risingpath_zsb_backend\target\test-classes;D:\xingqiu\risingpath_zsb_backend\target\classes;D:\repository\org\springframework\boot\spring-boot-starter-web\2.3.9.RELEASE\spring-boot-starter-web-2.3.9.RELEASE.jar;D:\repository\org\springframework\boot\spring-boot-starter\2.3.9.RELEASE\spring-boot-starter-2.3.9.RELEASE.jar;D:\repository\org\springframework\boot\spring-boot-starter-logging\2.3.9.RELEASE\spring-boot-starter-logging-2.3.9.RELEASE.jar;D:\repository\ch\qos\logback\logback-classic\1.2.3\logback-classic-1.2.3.jar;D:\repository\ch\qos\logback\logback-core\1.2.3\logback-core-1.2.3.jar;D:\repository\org\apache\logging\log4j\log4j-to-slf4j\2.13.3\log4j-to-slf4j-2.13.3.jar;D:\repository\org\apache\logging\log4j\log4j-api\2.13.3\log4j-api-2.13.3.jar;D:\repository\org\slf4j\jul-to-slf4j\1.7.30\jul-to-slf4j-1.7.30.jar;D:\repository\jakarta\annotation\jakarta.annotation-api\1.3.5\jakarta.annotation-api-1.3.5.jar;D:\repository\org\yaml\snakeyaml\1.26\snakeyaml-1.26.jar;D:\repository\org\springframework\boot\spring-boot-starter-json\2.3.9.RELEASE\spring-boot-starter-json-2.3.9.RELEASE.jar;D:\repository\com\fasterxml\jackson\core\jackson-databind\2.11.4\jackson-databind-2.11.4.jar;D:\repository\com\fasterxml\jackson\core\jackson-annotations\2.11.4\jackson-annotations-2.11.4.jar;D:\repository\com\fasterxml\jackson\core\jackson-core\2.11.4\jackson-core-2.11.4.jar;D:\repository\com\fasterxml\jackson\datatype\jackson-datatype-jdk8\2.11.4\jackson-datatype-jdk8-2.11.4.jar;D:\repository\com\fasterxml\jackson\datatype\jackson-datatype-jsr310\2.11.4\jackson-datatype-jsr310-2.11.4.jar;D:\repository\com\fasterxml\jackson\module\jackson-module-parameter-names\2.11.4\jackson-module-parameter-names-2.11.4.jar;D:\repository\org\springframework\boot\spring-boot-starter-tomcat\2.3.9.RELEASE\spring-boot-starter-tomcat-2.3.9.RELEASE.jar;D:\repository\org\apache\tomcat\embed\tomcat-embed-core\9.0.43\tomcat-embed-core-9.0.43.jar;D:\repository\org\glassfish\jakarta.el\3.0.3\jakarta.el-3.0.3.jar;D:\repository\org\apache\tomcat\embed\tomcat-embed-websocket\9.0.43\tomcat-embed-websocket-9.0.43.jar;D:\repository\org\springframework\spring-web\5.2.13.RELEASE\spring-web-5.2.13.RELEASE.jar;D:\repository\org\springframework\spring-beans\5.2.13.RELEASE\spring-beans-5.2.13.RELEASE.jar;D:\repository\org\springframework\spring-webmvc\5.2.13.RELEASE\spring-webmvc-5.2.13.RELEASE.jar;D:\repository\org\springframework\spring-aop\5.2.13.RELEASE\spring-aop-5.2.13.RELEASE.jar;D:\repository\org\springframework\spring-context\5.2.13.RELEASE\spring-context-5.2.13.RELEASE.jar;D:\repository\org\springframework\spring-expression\5.2.13.RELEASE\spring-expression-5.2.13.RELEASE.jar;D:\repository\org\springframework\boot\spring-boot-starter-data-redis\2.3.9.RELEASE\spring-boot-starter-data-redis-2.3.9.RELEASE.jar;D:\repository\org\springframework\data\spring-data-redis\2.3.7.RELEASE\spring-data-redis-2.3.7.RELEASE.jar;D:\repository\org\springframework\data\spring-data-keyvalue\2.3.7.RELEASE\spring-data-keyvalue-2.3.7.RELEASE.jar;D:\repository\org\springframework\data\spring-data-commons\2.3.7.RELEASE\spring-data-commons-2.3.7.RELEASE.jar;D:\repository\org\springframework\spring-tx\5.2.13.RELEASE\spring-tx-5.2.13.RELEASE.jar;D:\repository\org\springframework\spring-oxm\5.2.13.RELEASE\spring-oxm-5.2.13.RELEASE.jar;D:\repository\org\springframework\spring-context-support\5.2.13.RELEASE\spring-context-support-5.2.13.RELEASE.jar;D:\repository\io\lettuce\lettuce-core\5.3.6.RELEASE\lettuce-core-5.3.6.RELEASE.jar;D:\repository\io\netty\netty-common\4.1.59.Final\netty-common-4.1.59.Final.jar;D:\repository\io\netty\netty-handler\4.1.59.Final\netty-handler-4.1.59.Final.jar;D:\repository\io\netty\netty-resolver\4.1.59.Final\netty-resolver-4.1.59.Final.jar;D:\repository\io\netty\netty-buffer\4.1.59.Final\netty-buffer-4.1.59.Final.jar;D:\repository\io\netty\netty-codec\4.1.59.Final\netty-codec-4.1.59.Final.jar;D:\repository\io\netty\netty-transport\4.1.59.Final\netty-transport-4.1.59.Final.jar;D:\repository\io\projectreactor\reactor-core\3.3.14.RELEASE\reactor-core-3.3.14.RELEASE.jar;D:\repository\org\reactivestreams\reactive-streams\1.0.3\reactive-streams-1.0.3.jar;D:\repository\org\springframework\boot\spring-boot-devtools\2.3.9.RELEASE\spring-boot-devtools-2.3.9.RELEASE.jar;D:\repository\org\springframework\boot\spring-boot\2.3.9.RELEASE\spring-boot-2.3.9.RELEASE.jar;D:\repository\org\springframework\boot\spring-boot-autoconfigure\2.3.9.RELEASE\spring-boot-autoconfigure-2.3.9.RELEASE.jar;D:\repository\org\mapstruct\mapstruct\1.4.1.Final\mapstruct-1.4.1.Final.jar;D:\repository\org\mapstruct\mapstruct-processor\1.4.1.Final\mapstruct-processor-1.4.1.Final.jar;D:\repository\com\mysql\mysql-connector-j\8.0.32\mysql-connector-j-8.0.32.jar;D:\repository\com\google\protobuf\protobuf-java\3.21.9\protobuf-java-3.21.9.jar;D:\repository\org\projectlombok\lombok\1.18.18\lombok-1.18.18.jar;D:\repository\org\springframework\boot\spring-boot-starter-test\2.3.9.RELEASE\spring-boot-starter-test-2.3.9.RELEASE.jar;D:\repository\org\springframework\boot\spring-boot-test\2.3.9.RELEASE\spring-boot-test-2.3.9.RELEASE.jar;D:\repository\org\springframework\boot\spring-boot-test-autoconfigure\2.3.9.RELEASE\spring-boot-test-autoconfigure-2.3.9.RELEASE.jar;D:\repository\com\jayway\jsonpath\json-path\2.4.0\json-path-2.4.0.jar;D:\repository\net\minidev\json-smart\2.3\json-smart-2.3.jar;D:\repository\net\minidev\accessors-smart\1.2\accessors-smart-1.2.jar;D:\repository\jakarta\xml\bind\jakarta.xml.bind-api\2.3.3\jakarta.xml.bind-api-2.3.3.jar;D:\repository\jakarta\activation\jakarta.activation-api\1.2.2\jakarta.activation-api-1.2.2.jar;D:\repository\org\assertj\assertj-core\3.16.1\assertj-core-3.16.1.jar;D:\repository\org\hamcrest\hamcrest\2.2\hamcrest-2.2.jar;D:\repository\org\junit\jupiter\junit-jupiter\5.6.3\junit-jupiter-5.6.3.jar;D:\repository\org\junit\jupiter\junit-jupiter-api\5.6.3\junit-jupiter-api-5.6.3.jar;D:\repository\org\opentest4j\opentest4j\1.2.0\opentest4j-1.2.0.jar;D:\repository\org\junit\platform\junit-platform-commons\1.6.3\junit-platform-commons-1.6.3.jar;D:\repository\org\junit\jupiter\junit-jupiter-params\5.6.3\junit-jupiter-params-5.6.3.jar;D:\repository\org\junit\jupiter\junit-jupiter-engine\5.6.3\junit-jupiter-engine-5.6.3.jar;D:\repository\org\junit\vintage\junit-vintage-engine\5.6.3\junit-vintage-engine-5.6.3.jar;D:\repository\org\apiguardian\apiguardian-api\1.1.0\apiguardian-api-1.1.0.jar;D:\repository\org\junit\platform\junit-platform-engine\1.6.3\junit-platform-engine-1.6.3.jar;D:\repository\org\mockito\mockito-core\3.3.3\mockito-core-3.3.3.jar;D:\repository\net\bytebuddy\byte-buddy\1.10.20\byte-buddy-1.10.20.jar;D:\repository\net\bytebuddy\byte-buddy-agent\1.10.20\byte-buddy-agent-1.10.20.jar;D:\repository\org\objenesis\objenesis\2.6\objenesis-2.6.jar;D:\repository\org\mockito\mockito-junit-jupiter\3.3.3\mockito-junit-jupiter-3.3.3.jar;D:\repository\org\skyscreamer\jsonassert\1.5.0\jsonassert-1.5.0.jar;D:\repository\com\vaadin\external\google\android-json\0.0.20131108.vaadin1\android-json-0.0.20131108.vaadin1.jar;D:\repository\org\springframework\spring-core\5.2.13.RELEASE\spring-core-5.2.13.RELEASE.jar;D:\repository\org\springframework\spring-jcl\5.2.13.RELEASE\spring-jcl-5.2.13.RELEASE.jar;D:\repository\org\springframework\spring-test\5.2.13.RELEASE\spring-test-5.2.13.RELEASE.jar;D:\repository\org\xmlunit\xmlunit-core\2.7.0\xmlunit-core-2.7.0.jar;D:\repository\junit\junit\4.13.2\junit-4.13.2.jar;D:\repository\org\hamcrest\hamcrest-core\2.2\hamcrest-core-2.2.jar;D:\repository\com\baomidou\mybatis-plus-boot-starter\3.5.1\mybatis-plus-boot-starter-3.5.1.jar;D:\repository\com\baomidou\mybatis-plus\3.5.1\mybatis-plus-3.5.1.jar;D:\repository\com\baomidou\mybatis-plus-extension\3.5.1\mybatis-plus-extension-3.5.1.jar;D:\repository\com\baomidou\mybatis-plus-core\3.5.1\mybatis-plus-core-3.5.1.jar;D:\repository\com\baomidou\mybatis-plus-annotation\3.5.1\mybatis-plus-annotation-3.5.1.jar;D:\repository\com\github\jsqlparser\jsqlparser\4.3\jsqlparser-4.3.jar;D:\repository\org\mybatis\mybatis\3.5.9\mybatis-3.5.9.jar;D:\repository\org\mybatis\mybatis-spring\2.0.6\mybatis-spring-2.0.6.jar;D:\repository\org\springframework\boot\spring-boot-starter-jdbc\2.3.9.RELEASE\spring-boot-starter-jdbc-2.3.9.RELEASE.jar;D:\repository\com\zaxxer\HikariCP\3.4.5\HikariCP-3.4.5.jar;D:\repository\org\springframework\spring-jdbc\5.2.13.RELEASE\spring-jdbc-5.2.13.RELEASE.jar;D:\repository\org\apache\commons\commons-lang3\3.12.0\commons-lang3-3.12.0.jar;D:\repository\com\github\xiaoymin\knife4j-spring-boot-starter\3.0.2\knife4j-spring-boot-starter-3.0.2.jar;D:\repository\com\github\xiaoymin\knife4j-spring-boot-autoconfigure\3.0.2\knife4j-spring-boot-autoconfigure-3.0.2.jar;D:\repository\com\github\xiaoymin\knife4j-spring\3.0.2\knife4j-spring-3.0.2.jar;D:\repository\com\github\xiaoymin\knife4j-annotations\3.0.2\knife4j-annotations-3.0.2.jar;D:\repository\io\swagger\swagger-annotations\1.5.22\swagger-annotations-1.5.22.jar;D:\repository\io\swagger\core\v3\swagger-annotations\2.1.2\swagger-annotations-2.1.2.jar;D:\repository\com\github\xiaoymin\knife4j-core\3.0.2\knife4j-core-3.0.2.jar;D:\repository\org\javassist\javassist\3.25.0-GA\javassist-3.25.0-GA.jar;D:\repository\io\springfox\springfox-swagger2\3.0.0\springfox-swagger2-3.0.0.jar;D:\repository\io\springfox\springfox-spi\3.0.0\springfox-spi-3.0.0.jar;D:\repository\io\springfox\springfox-schema\3.0.0\springfox-schema-3.0.0.jar;D:\repository\io\springfox\springfox-swagger-common\3.0.0\springfox-swagger-common-3.0.0.jar;D:\repository\io\springfox\springfox-spring-web\3.0.0\springfox-spring-web-3.0.0.jar;D:\repository\io\github\classgraph\classgraph\4.8.83\classgraph-4.8.83.jar;D:\repository\io\springfox\springfox-spring-webflux\3.0.0\springfox-spring-webflux-3.0.0.jar;D:\repository\io\springfox\springfox-spring-webmvc\3.0.0\springfox-spring-webmvc-3.0.0.jar;D:\repository\io\springfox\springfox-core\3.0.0\springfox-core-3.0.0.jar;D:\repository\io\springfox\springfox-oas\3.0.0\springfox-oas-3.0.0.jar;D:\repository\io\swagger\core\v3\swagger-models\2.1.2\swagger-models-2.1.2.jar;D:\repository\io\springfox\springfox-bean-validators\3.0.0\springfox-bean-validators-3.0.0.jar;D:\repository\io\swagger\swagger-models\1.5.22\swagger-models-1.5.22.jar;D:\repository\io\swagger\swagger-core\1.5.22\swagger-core-1.5.22.jar;D:\repository\com\fasterxml\jackson\dataformat\jackson-dataformat-yaml\2.11.4\jackson-dataformat-yaml-2.11.4.jar;D:\repository\com\google\guava\guava\27.0.1-android\guava-27.0.1-android.jar;D:\repository\com\google\guava\failureaccess\1.0.1\failureaccess-1.0.1.jar;D:\repository\com\google\guava\listenablefuture\9999.0-empty-to-avoid-conflict-with-guava\listenablefuture-9999.0-empty-to-avoid-conflict-with-guava.jar;D:\repository\com\google\code\findbugs\jsr305\3.0.2\jsr305-3.0.2.jar;D:\repository\org\checkerframework\checker-compat-qual\2.5.2\checker-compat-qual-2.5.2.jar;D:\repository\com\google\errorprone\error_prone_annotations\2.2.0\error_prone_annotations-2.2.0.jar;D:\repository\com\google\j2objc\j2objc-annotations\1.1\j2objc-annotations-1.1.jar;D:\repository\org\codehaus\mojo\animal-sniffer-annotations\1.17\animal-sniffer-annotations-1.17.jar;D:\repository\javax\validation\validation-api\2.0.1.Final\validation-api-2.0.1.Final.jar;D:\repository\io\springfox\springfox-boot-starter\3.0.0\springfox-boot-starter-3.0.0.jar;D:\repository\io\springfox\springfox-data-rest\3.0.0\springfox-data-rest-3.0.0.jar;D:\repository\com\fasterxml\classmate\1.5.1\classmate-1.5.1.jar;D:\repository\org\springframework\plugin\spring-plugin-core\2.0.0.RELEASE\spring-plugin-core-2.0.0.RELEASE.jar;D:\repository\org\springframework\plugin\spring-plugin-metadata\2.0.0.RELEASE\spring-plugin-metadata-2.0.0.RELEASE.jar;D:\repository\com\github\xiaoymin\knife4j-spring-ui\3.0.2\knife4j-spring-ui-3.0.2.jar;D:\repository\com\google\code\gson\gson\2.8.8\gson-2.8.8.jar;D:\repository\cn\hutool\hutool-all\5.8.12\hutool-all-5.8.12.jar;D:\repository\com\alibaba\easyexcel\2.1.6\easyexcel-2.1.6.jar;D:\repository\org\apache\poi\poi\3.17\poi-3.17.jar;D:\repository\commons-codec\commons-codec\1.14\commons-codec-1.14.jar;D:\repository\org\apache\commons\commons-collections4\4.1\commons-collections4-4.1.jar;D:\repository\org\apache\poi\poi-ooxml\3.17\poi-ooxml-3.17.jar;D:\repository\org\apache\poi\poi-ooxml-schemas\3.17\poi-ooxml-schemas-3.17.jar;D:\repository\org\apache\xmlbeans\xmlbeans\2.6.0\xmlbeans-2.6.0.jar;D:\repository\stax\stax-api\1.0.1\stax-api-1.0.1.jar;D:\repository\com\github\virtuald\curvesapi\1.04\curvesapi-1.04.jar;D:\repository\cglib\cglib\3.1\cglib-3.1.jar;D:\repository\org\ow2\asm\asm\4.2\asm-4.2.jar;D:\repository\org\slf4j\slf4j-api\1.7.30\slf4j-api-1.7.30.jar;D:\repository\org\ehcache\ehcache\3.8.1\ehcache-3.8.1.jar;D:\repository\org\glassfish\jaxb\jaxb-runtime\2.3.3\jaxb-runtime-2.3.3.jar;D:\repository\org\glassfish\jaxb\txw2\2.3.3\txw2-2.3.3.jar;D:\repository\com\sun\istack\istack-commons-runtime\3.0.11\istack-commons-runtime-3.0.11.jar;D:\repository\com\sun\activation\jakarta.activation\1.2.2\jakarta.activation-1.2.2.jar;"/>
    <property name="java.vm.vendor" value="Oracle Corporation"/>
    <property name="sun.arch.data.model" value="64"/>
    <property name="user.variant" value=""/>
    <property name="java.vendor.url" value="https://openjdk.java.net/"/>
    <property name="user.timezone" value="Asia/Shanghai"/>
    <property name="java.vm.specification.version" value="11"/>
    <property name="os.name" value="Windows 10"/>
    <property name="sun.java.launcher" value="SUN_STANDARD"/>
    <property name="user.country" value="CN"/>
    <property name="sun.boot.library.path" value="C:\Program Files\Java\jdk-11.0.11\bin"/>
    <property name="sun.java.command" value="C:\Users\姚浙杰\AppData\Local\Temp\surefire13150186916014022656\surefirebooter8546332585865947072.jar C:\Users\姚浙杰\AppData\Local\Temp\surefire13150186916014022656 2023-11-01T20-16-04_998-jvmRun1 surefire4191653320392548825tmp surefire_03086028741286941373tmp"/>
    <property name="jdk.debug" value="release"/>
    <property name="surefire.test.class.path" value="D:\xingqiu\risingpath_zsb_backend\target\test-classes;D:\xingqiu\risingpath_zsb_backend\target\classes;D:\repository\org\springframework\boot\spring-boot-starter-web\2.3.9.RELEASE\spring-boot-starter-web-2.3.9.RELEASE.jar;D:\repository\org\springframework\boot\spring-boot-starter\2.3.9.RELEASE\spring-boot-starter-2.3.9.RELEASE.jar;D:\repository\org\springframework\boot\spring-boot-starter-logging\2.3.9.RELEASE\spring-boot-starter-logging-2.3.9.RELEASE.jar;D:\repository\ch\qos\logback\logback-classic\1.2.3\logback-classic-1.2.3.jar;D:\repository\ch\qos\logback\logback-core\1.2.3\logback-core-1.2.3.jar;D:\repository\org\apache\logging\log4j\log4j-to-slf4j\2.13.3\log4j-to-slf4j-2.13.3.jar;D:\repository\org\apache\logging\log4j\log4j-api\2.13.3\log4j-api-2.13.3.jar;D:\repository\org\slf4j\jul-to-slf4j\1.7.30\jul-to-slf4j-1.7.30.jar;D:\repository\jakarta\annotation\jakarta.annotation-api\1.3.5\jakarta.annotation-api-1.3.5.jar;D:\repository\org\yaml\snakeyaml\1.26\snakeyaml-1.26.jar;D:\repository\org\springframework\boot\spring-boot-starter-json\2.3.9.RELEASE\spring-boot-starter-json-2.3.9.RELEASE.jar;D:\repository\com\fasterxml\jackson\core\jackson-databind\2.11.4\jackson-databind-2.11.4.jar;D:\repository\com\fasterxml\jackson\core\jackson-annotations\2.11.4\jackson-annotations-2.11.4.jar;D:\repository\com\fasterxml\jackson\core\jackson-core\2.11.4\jackson-core-2.11.4.jar;D:\repository\com\fasterxml\jackson\datatype\jackson-datatype-jdk8\2.11.4\jackson-datatype-jdk8-2.11.4.jar;D:\repository\com\fasterxml\jackson\datatype\jackson-datatype-jsr310\2.11.4\jackson-datatype-jsr310-2.11.4.jar;D:\repository\com\fasterxml\jackson\module\jackson-module-parameter-names\2.11.4\jackson-module-parameter-names-2.11.4.jar;D:\repository\org\springframework\boot\spring-boot-starter-tomcat\2.3.9.RELEASE\spring-boot-starter-tomcat-2.3.9.RELEASE.jar;D:\repository\org\apache\tomcat\embed\tomcat-embed-core\9.0.43\tomcat-embed-core-9.0.43.jar;D:\repository\org\glassfish\jakarta.el\3.0.3\jakarta.el-3.0.3.jar;D:\repository\org\apache\tomcat\embed\tomcat-embed-websocket\9.0.43\tomcat-embed-websocket-9.0.43.jar;D:\repository\org\springframework\spring-web\5.2.13.RELEASE\spring-web-5.2.13.RELEASE.jar;D:\repository\org\springframework\spring-beans\5.2.13.RELEASE\spring-beans-5.2.13.RELEASE.jar;D:\repository\org\springframework\spring-webmvc\5.2.13.RELEASE\spring-webmvc-5.2.13.RELEASE.jar;D:\repository\org\springframework\spring-aop\5.2.13.RELEASE\spring-aop-5.2.13.RELEASE.jar;D:\repository\org\springframework\spring-context\5.2.13.RELEASE\spring-context-5.2.13.RELEASE.jar;D:\repository\org\springframework\spring-expression\5.2.13.RELEASE\spring-expression-5.2.13.RELEASE.jar;D:\repository\org\springframework\boot\spring-boot-starter-data-redis\2.3.9.RELEASE\spring-boot-starter-data-redis-2.3.9.RELEASE.jar;D:\repository\org\springframework\data\spring-data-redis\2.3.7.RELEASE\spring-data-redis-2.3.7.RELEASE.jar;D:\repository\org\springframework\data\spring-data-keyvalue\2.3.7.RELEASE\spring-data-keyvalue-2.3.7.RELEASE.jar;D:\repository\org\springframework\data\spring-data-commons\2.3.7.RELEASE\spring-data-commons-2.3.7.RELEASE.jar;D:\repository\org\springframework\spring-tx\5.2.13.RELEASE\spring-tx-5.2.13.RELEASE.jar;D:\repository\org\springframework\spring-oxm\5.2.13.RELEASE\spring-oxm-5.2.13.RELEASE.jar;D:\repository\org\springframework\spring-context-support\5.2.13.RELEASE\spring-context-support-5.2.13.RELEASE.jar;D:\repository\io\lettuce\lettuce-core\5.3.6.RELEASE\lettuce-core-5.3.6.RELEASE.jar;D:\repository\io\netty\netty-common\4.1.59.Final\netty-common-4.1.59.Final.jar;D:\repository\io\netty\netty-handler\4.1.59.Final\netty-handler-4.1.59.Final.jar;D:\repository\io\netty\netty-resolver\4.1.59.Final\netty-resolver-4.1.59.Final.jar;D:\repository\io\netty\netty-buffer\4.1.59.Final\netty-buffer-4.1.59.Final.jar;D:\repository\io\netty\netty-codec\4.1.59.Final\netty-codec-4.1.59.Final.jar;D:\repository\io\netty\netty-transport\4.1.59.Final\netty-transport-4.1.59.Final.jar;D:\repository\io\projectreactor\reactor-core\3.3.14.RELEASE\reactor-core-3.3.14.RELEASE.jar;D:\repository\org\reactivestreams\reactive-streams\1.0.3\reactive-streams-1.0.3.jar;D:\repository\org\springframework\boot\spring-boot-devtools\2.3.9.RELEASE\spring-boot-devtools-2.3.9.RELEASE.jar;D:\repository\org\springframework\boot\spring-boot\2.3.9.RELEASE\spring-boot-2.3.9.RELEASE.jar;D:\repository\org\springframework\boot\spring-boot-autoconfigure\2.3.9.RELEASE\spring-boot-autoconfigure-2.3.9.RELEASE.jar;D:\repository\org\mapstruct\mapstruct\1.4.1.Final\mapstruct-1.4.1.Final.jar;D:\repository\org\mapstruct\mapstruct-processor\1.4.1.Final\mapstruct-processor-1.4.1.Final.jar;D:\repository\com\mysql\mysql-connector-j\8.0.32\mysql-connector-j-8.0.32.jar;D:\repository\com\google\protobuf\protobuf-java\3.21.9\protobuf-java-3.21.9.jar;D:\repository\org\projectlombok\lombok\1.18.18\lombok-1.18.18.jar;D:\repository\org\springframework\boot\spring-boot-starter-test\2.3.9.RELEASE\spring-boot-starter-test-2.3.9.RELEASE.jar;D:\repository\org\springframework\boot\spring-boot-test\2.3.9.RELEASE\spring-boot-test-2.3.9.RELEASE.jar;D:\repository\org\springframework\boot\spring-boot-test-autoconfigure\2.3.9.RELEASE\spring-boot-test-autoconfigure-2.3.9.RELEASE.jar;D:\repository\com\jayway\jsonpath\json-path\2.4.0\json-path-2.4.0.jar;D:\repository\net\minidev\json-smart\2.3\json-smart-2.3.jar;D:\repository\net\minidev\accessors-smart\1.2\accessors-smart-1.2.jar;D:\repository\jakarta\xml\bind\jakarta.xml.bind-api\2.3.3\jakarta.xml.bind-api-2.3.3.jar;D:\repository\jakarta\activation\jakarta.activation-api\1.2.2\jakarta.activation-api-1.2.2.jar;D:\repository\org\assertj\assertj-core\3.16.1\assertj-core-3.16.1.jar;D:\repository\org\hamcrest\hamcrest\2.2\hamcrest-2.2.jar;D:\repository\org\junit\jupiter\junit-jupiter\5.6.3\junit-jupiter-5.6.3.jar;D:\repository\org\junit\jupiter\junit-jupiter-api\5.6.3\junit-jupiter-api-5.6.3.jar;D:\repository\org\opentest4j\opentest4j\1.2.0\opentest4j-1.2.0.jar;D:\repository\org\junit\platform\junit-platform-commons\1.6.3\junit-platform-commons-1.6.3.jar;D:\repository\org\junit\jupiter\junit-jupiter-params\5.6.3\junit-jupiter-params-5.6.3.jar;D:\repository\org\junit\jupiter\junit-jupiter-engine\5.6.3\junit-jupiter-engine-5.6.3.jar;D:\repository\org\junit\vintage\junit-vintage-engine\5.6.3\junit-vintage-engine-5.6.3.jar;D:\repository\org\apiguardian\apiguardian-api\1.1.0\apiguardian-api-1.1.0.jar;D:\repository\org\junit\platform\junit-platform-engine\1.6.3\junit-platform-engine-1.6.3.jar;D:\repository\org\mockito\mockito-core\3.3.3\mockito-core-3.3.3.jar;D:\repository\net\bytebuddy\byte-buddy\1.10.20\byte-buddy-1.10.20.jar;D:\repository\net\bytebuddy\byte-buddy-agent\1.10.20\byte-buddy-agent-1.10.20.jar;D:\repository\org\objenesis\objenesis\2.6\objenesis-2.6.jar;D:\repository\org\mockito\mockito-junit-jupiter\3.3.3\mockito-junit-jupiter-3.3.3.jar;D:\repository\org\skyscreamer\jsonassert\1.5.0\jsonassert-1.5.0.jar;D:\repository\com\vaadin\external\google\android-json\0.0.20131108.vaadin1\android-json-0.0.20131108.vaadin1.jar;D:\repository\org\springframework\spring-core\5.2.13.RELEASE\spring-core-5.2.13.RELEASE.jar;D:\repository\org\springframework\spring-jcl\5.2.13.RELEASE\spring-jcl-5.2.13.RELEASE.jar;D:\repository\org\springframework\spring-test\5.2.13.RELEASE\spring-test-5.2.13.RELEASE.jar;D:\repository\org\xmlunit\xmlunit-core\2.7.0\xmlunit-core-2.7.0.jar;D:\repository\junit\junit\4.13.2\junit-4.13.2.jar;D:\repository\org\hamcrest\hamcrest-core\2.2\hamcrest-core-2.2.jar;D:\repository\com\baomidou\mybatis-plus-boot-starter\3.5.1\mybatis-plus-boot-starter-3.5.1.jar;D:\repository\com\baomidou\mybatis-plus\3.5.1\mybatis-plus-3.5.1.jar;D:\repository\com\baomidou\mybatis-plus-extension\3.5.1\mybatis-plus-extension-3.5.1.jar;D:\repository\com\baomidou\mybatis-plus-core\3.5.1\mybatis-plus-core-3.5.1.jar;D:\repository\com\baomidou\mybatis-plus-annotation\3.5.1\mybatis-plus-annotation-3.5.1.jar;D:\repository\com\github\jsqlparser\jsqlparser\4.3\jsqlparser-4.3.jar;D:\repository\org\mybatis\mybatis\3.5.9\mybatis-3.5.9.jar;D:\repository\org\mybatis\mybatis-spring\2.0.6\mybatis-spring-2.0.6.jar;D:\repository\org\springframework\boot\spring-boot-starter-jdbc\2.3.9.RELEASE\spring-boot-starter-jdbc-2.3.9.RELEASE.jar;D:\repository\com\zaxxer\HikariCP\3.4.5\HikariCP-3.4.5.jar;D:\repository\org\springframework\spring-jdbc\5.2.13.RELEASE\spring-jdbc-5.2.13.RELEASE.jar;D:\repository\org\apache\commons\commons-lang3\3.12.0\commons-lang3-3.12.0.jar;D:\repository\com\github\xiaoymin\knife4j-spring-boot-starter\3.0.2\knife4j-spring-boot-starter-3.0.2.jar;D:\repository\com\github\xiaoymin\knife4j-spring-boot-autoconfigure\3.0.2\knife4j-spring-boot-autoconfigure-3.0.2.jar;D:\repository\com\github\xiaoymin\knife4j-spring\3.0.2\knife4j-spring-3.0.2.jar;D:\repository\com\github\xiaoymin\knife4j-annotations\3.0.2\knife4j-annotations-3.0.2.jar;D:\repository\io\swagger\swagger-annotations\1.5.22\swagger-annotations-1.5.22.jar;D:\repository\io\swagger\core\v3\swagger-annotations\2.1.2\swagger-annotations-2.1.2.jar;D:\repository\com\github\xiaoymin\knife4j-core\3.0.2\knife4j-core-3.0.2.jar;D:\repository\org\javassist\javassist\3.25.0-GA\javassist-3.25.0-GA.jar;D:\repository\io\springfox\springfox-swagger2\3.0.0\springfox-swagger2-3.0.0.jar;D:\repository\io\springfox\springfox-spi\3.0.0\springfox-spi-3.0.0.jar;D:\repository\io\springfox\springfox-schema\3.0.0\springfox-schema-3.0.0.jar;D:\repository\io\springfox\springfox-swagger-common\3.0.0\springfox-swagger-common-3.0.0.jar;D:\repository\io\springfox\springfox-spring-web\3.0.0\springfox-spring-web-3.0.0.jar;D:\repository\io\github\classgraph\classgraph\4.8.83\classgraph-4.8.83.jar;D:\repository\io\springfox\springfox-spring-webflux\3.0.0\springfox-spring-webflux-3.0.0.jar;D:\repository\io\springfox\springfox-spring-webmvc\3.0.0\springfox-spring-webmvc-3.0.0.jar;D:\repository\io\springfox\springfox-core\3.0.0\springfox-core-3.0.0.jar;D:\repository\io\springfox\springfox-oas\3.0.0\springfox-oas-3.0.0.jar;D:\repository\io\swagger\core\v3\swagger-models\2.1.2\swagger-models-2.1.2.jar;D:\repository\io\springfox\springfox-bean-validators\3.0.0\springfox-bean-validators-3.0.0.jar;D:\repository\io\swagger\swagger-models\1.5.22\swagger-models-1.5.22.jar;D:\repository\io\swagger\swagger-core\1.5.22\swagger-core-1.5.22.jar;D:\repository\com\fasterxml\jackson\dataformat\jackson-dataformat-yaml\2.11.4\jackson-dataformat-yaml-2.11.4.jar;D:\repository\com\google\guava\guava\27.0.1-android\guava-27.0.1-android.jar;D:\repository\com\google\guava\failureaccess\1.0.1\failureaccess-1.0.1.jar;D:\repository\com\google\guava\listenablefuture\9999.0-empty-to-avoid-conflict-with-guava\listenablefuture-9999.0-empty-to-avoid-conflict-with-guava.jar;D:\repository\com\google\code\findbugs\jsr305\3.0.2\jsr305-3.0.2.jar;D:\repository\org\checkerframework\checker-compat-qual\2.5.2\checker-compat-qual-2.5.2.jar;D:\repository\com\google\errorprone\error_prone_annotations\2.2.0\error_prone_annotations-2.2.0.jar;D:\repository\com\google\j2objc\j2objc-annotations\1.1\j2objc-annotations-1.1.jar;D:\repository\org\codehaus\mojo\animal-sniffer-annotations\1.17\animal-sniffer-annotations-1.17.jar;D:\repository\javax\validation\validation-api\2.0.1.Final\validation-api-2.0.1.Final.jar;D:\repository\io\springfox\springfox-boot-starter\3.0.0\springfox-boot-starter-3.0.0.jar;D:\repository\io\springfox\springfox-data-rest\3.0.0\springfox-data-rest-3.0.0.jar;D:\repository\com\fasterxml\classmate\1.5.1\classmate-1.5.1.jar;D:\repository\org\springframework\plugin\spring-plugin-core\2.0.0.RELEASE\spring-plugin-core-2.0.0.RELEASE.jar;D:\repository\org\springframework\plugin\spring-plugin-metadata\2.0.0.RELEASE\spring-plugin-metadata-2.0.0.RELEASE.jar;D:\repository\com\github\xiaoymin\knife4j-spring-ui\3.0.2\knife4j-spring-ui-3.0.2.jar;D:\repository\com\google\code\gson\gson\2.8.8\gson-2.8.8.jar;D:\repository\cn\hutool\hutool-all\5.8.12\hutool-all-5.8.12.jar;D:\repository\com\alibaba\easyexcel\2.1.6\easyexcel-2.1.6.jar;D:\repository\org\apache\poi\poi\3.17\poi-3.17.jar;D:\repository\commons-codec\commons-codec\1.14\commons-codec-1.14.jar;D:\repository\org\apache\commons\commons-collections4\4.1\commons-collections4-4.1.jar;D:\repository\org\apache\poi\poi-ooxml\3.17\poi-ooxml-3.17.jar;D:\repository\org\apache\poi\poi-ooxml-schemas\3.17\poi-ooxml-schemas-3.17.jar;D:\repository\org\apache\xmlbeans\xmlbeans\2.6.0\xmlbeans-2.6.0.jar;D:\repository\stax\stax-api\1.0.1\stax-api-1.0.1.jar;D:\repository\com\github\virtuald\curvesapi\1.04\curvesapi-1.04.jar;D:\repository\cglib\cglib\3.1\cglib-3.1.jar;D:\repository\org\ow2\asm\asm\4.2\asm-4.2.jar;D:\repository\org\slf4j\slf4j-api\1.7.30\slf4j-api-1.7.30.jar;D:\repository\org\ehcache\ehcache\3.8.1\ehcache-3.8.1.jar;D:\repository\org\glassfish\jaxb\jaxb-runtime\2.3.3\jaxb-runtime-2.3.3.jar;D:\repository\org\glassfish\jaxb\txw2\2.3.3\txw2-2.3.3.jar;D:\repository\com\sun\istack\istack-commons-runtime\3.0.11\istack-commons-runtime-3.0.11.jar;D:\repository\com\sun\activation\jakarta.activation\1.2.2\jakarta.activation-1.2.2.jar;"/>
    <property name="sun.cpu.endian" value="little"/>
    <property name="user.home" value="C:\Users\姚浙杰"/>
    <property name="user.language" value="zh"/>
    <property name="java.specification.vendor" value="Oracle Corporation"/>
    <property name="java.version.date" value="2021-04-20"/>
    <property name="java.home" value="C:\Program Files\Java\jdk-11.0.11"/>
    <property name="file.separator" value="\"/>
    <property name="basedir" value="D:\xingqiu\risingpath_zsb_backend"/>
    <property name="java.vm.compressedOopsMode" value="Zero based"/>
    <property name="line.separator" value="&#10;"/>
    <property name="java.specification.name" value="Java Platform API Specification"/>
    <property name="java.vm.specification.vendor" value="Oracle Corporation"/>
    <property name="java.awt.graphicsenv" value="sun.awt.Win32GraphicsEnvironment"/>
    <property name="surefire.real.class.path" value="C:\Users\姚浙杰\AppData\Local\Temp\surefire13150186916014022656\surefirebooter8546332585865947072.jar"/>
    <property name="user.script" value=""/>
    <property name="sun.management.compiler" value="HotSpot 64-Bit Tiered Compilers"/>
    <property name="java.runtime.version" value="11.0.11+9-LTS-194"/>
    <property name="user.name" value="姚浙杰"/>
    <property name="path.separator" value=";"/>
    <property name="os.version" value="10.0"/>
    <property name="java.runtime.name" value="Java(TM) SE Runtime Environment"/>
    <property name="file.encoding" value="GBK"/>
    <property name="java.vm.name" value="Java HotSpot(TM) 64-Bit Server VM"/>
    <property name="java.vendor.version" value="18.9"/>
    <property name="localRepository" value="D:\repository"/>
    <property name="java.vendor.url.bug" value="https://bugreport.java.com/bugreport/"/>
    <property name="java.io.tmpdir" value="C:\Users\姚浙杰\AppData\Local\Temp\"/>
    <property name="idea.version" value="2022.2.4"/>
    <property name="java.version" value="11.0.11"/>
    <property name="user.dir" value="D:\xingqiu\risingpath_zsb_backend"/>
    <property name="os.arch" value="amd64"/>
    <property name="java.vm.specification.name" value="Java Virtual Machine Specification"/>
    <property name="java.awt.printerjob" value="sun.awt.windows.WPrinterJob"/>
    <property name="sun.os.patch.level" value=""/>
    <property name="java.library.path" value="C:\Program Files\Java\jdk-11.0.11\bin;C:\WINDOWS\Sun\Java\bin;C:\WINDOWS\system32;C:\WINDOWS;C:\Program Files\Common Files\Oracle\Java\javapath;D:\Programs\bin\;C:\Program Files\Java\jdk1.8.0_171\bin;C:\WINDOWS\system32;C:\WINDOWS;C:\WINDOWS\System32\Wbem;C:\WINDOWS\System32\WindowsPowerShell\v1.0\;C:\WINDOWS\System32\OpenSSH\;C:\Program Files\Bandizip\;D:\apache-tomcat-10.0.27\bin;C:\Program Files\Java\jdk1.8.0_171\bin;C:\Program Files\Java\jdk1.8.0_171\jre\bin;D:\apache-maven-3.8.7-bin\apache-maven-3.8.7\bin;C:\Program Files\Git\cmd;C:\Program Files\nodejs\;C:\Users\姚浙杰\AppData\Local\Programs\Python\Python39\Scripts\;C:\Users\姚浙杰\AppData\Local\Programs\Python\Python39\;C:\Users\姚浙杰\AppData\Local\Microsoft\WindowsApps;D:\Programs\Microsoft VS Code\bin;C:\Users\姚浙杰\AppData\Local\Programs\Microsoft VS Code\bin;C:\Program Files (x86)\Tencent\QQGameTempest\Hall.57986\;C:\Users\姚浙杰\AppData\Roaming\npm;."/>
    <property name="java.vendor" value="Oracle Corporation"/>
    <property name="java.vm.info" value="mixed mode"/>
    <property name="java.vm.version" value="11.0.11+9-LTS-194"/>
    <property name="sun.io.unicode.encoding" value="UnicodeLittle"/>
    <property name="java.class.version" value="55.0"/>
  </properties>
  <testcase name="contextLoads" classname="com.yzj.risingpath_zsb_backend.RisingpathZsbBackendApplicationTests" time="0.185"/>
</testsuite>